.atoms
  .Al1
    .Al1 B = Parameter(6.06196e-06, name='Al1 B', bounds=(0,10))
    .Al1 occ = Parameter(1, name='Al1 occ')
    .Al1 x = Parameter(0, name='Al1 x')
    .Al1 y = Parameter(0, name='Al1 y')
    .Al1 z = Parameter(0.35231, name='Al1 z', bounds=(0.25,0.46))
  .O1
    .O1 B = Parameter(2.8759e-06, name='O1 B', bounds=(0,10))
    .O1 occ = Parameter(1, name='O1 occ')
    .O1 x = Parameter(0.693599, name='O1 x', bounds=(0.59,0.8))
    .O1 y = Parameter(0, name='O1 y')
    .O1 z = Parameter(0.25, name='O1 z')
.cell
  .a = Parameter(4.7698, name='a', bounds=(4.2,5.3))
  .c = Parameter(13.0243, name='c', bounds=(12.5,13.6))
.eta = Parameter(7.35739e-07, name='eta', bounds=(0,1))
.scale = Parameter(1.00001, name='scale', bounds=(0,10))
.u = Parameter(0.151065, name='u', bounds=(0,2))
.v = Parameter(-0.0914699, name='v', bounds=(-2,0))
.w = Parameter(0.0693511, name='w', bounds=(0,2))

[chisq=172.8912(38), nllf=567948]
intensity from plot is  [ 142.45491     142.45491     142.45491    ...,  259.0712925   259.04438441
  259.01717761]
/mnt/hgfs/Ubuntu_Shared/pycrysfml/hklgen/fswig_hklgen.py:1317: FutureWarning: comparison to `None` will result in an elementwise object comparison in the future.
  if (observed != None):
3296 16476
/usr/lib/python2.7/dist-packages/matplotlib/axes/_axes.py:2790: MatplotlibDeprecationWarning: Use of None object as fmt keyword argument to suppress plotting of data values is deprecated since 1.4; use the string "none" instead.
  warnings.warn(msg, mplDeprecation, stacklevel=1)
              Parameter       mean  median    best [   68% interval] [   95% interval]
 1                Al1 B 5.0(33)e-6 0.0000048 0.0000061 [0.000002 0.000008] [0.000000 0.000011]
 2                Al1 z 0.35231007(29) 0.35231008 0.35230974 [0.3523099 0.3523102] [0.3523093 0.3523106]
 3                 O1 B 5.1(32)e-6 0.00000523 0.00000288 [0.0000015 0.0000087] [0.0000002 0.0000100]
 4                 O1 x 0.69360001(53) 0.69359999 0.69359869 [0.6935998 0.6936004] [0.6935987 0.6936010]
 5                    a 4.7697982(30) 4.7697994 4.7697969 [4.769795 4.769800] [4.769790 4.769801]
 6                    c 13.0242984(86) 13.0243003 13.0243065 [13.024292 13.024301] [13.024275 13.024315]
 7                  eta 0.54(32)e-6 0.00000055 0.00000074 [0.0000002 0.0000009] [0.0000000 0.0000011]
 8                scale 1.0000009(65) 1.0000006 1.0000070 [0.999994 1.000007] [0.999989 1.000014]
 9                    u 0.1510663(14) 0.15106657 0.15106458 [0.1510647 0.1510678] [0.1510639 0.1510683]
10                    v -0.0914697(13) -0.09146986 -0.09146986 [-0.0914712 -0.0914683] [-0.0914724 -0.0914672]
11                    w 0.0693510(15) 0.06935098 0.06935111 [0.0693496 0.0693526] [0.0693489 0.0693537]
